This is pdfTeX, Version 3.14159265-2.6-1.40.20 (TeX Live 2019) (preloaded format=pdflatex 2020.3.5)  5 MAR 2020 15:44
entering extended mode
 restricted \write18 enabled.
 %&-line parsing enabled.
**Dougherty-Ilyankou-Data-Visualization-for-All.tex
(./Dougherty-Ilyankou-Data-Visualization-for-All.tex
LaTeX2e <2020-02-02> patch level 5
L3 programming layer <2020-02-25> (/Users/jdoughe2/Library/TinyTeX/texmf-dist/t
ex/latex/base/book.cls
Document Class: book 2019/12/20 v1.4l Standard LaTeX document class
(/Users/jdoughe2/Library/TinyTeX/texmf-dist/tex/latex/base/bk10.clo
File: bk10.clo 2019/12/20 v1.4l Standard LaTeX file (size option)
)
\c@part=\count167
\c@chapter=\count168
\c@section=\count169
\c@subsection=\count170
\c@subsubsection=\count171
\c@paragraph=\count172
\c@subparagraph=\count173
\c@figure=\count174
\c@table=\count175
\abovecaptionskip=\skip47
\belowcaptionskip=\skip48
\bibindent=\dimen134
) (/Users/jdoughe2/Library/TinyTeX/texmf-dist/tex/latex/lm/lmodern.sty
Package: lmodern 2009/10/30 v1.6 Latin Modern Fonts
LaTeX Font Info:    Overwriting symbol font `operators' in version `normal'
(Font)                  OT1/cmr/m/n --> OT1/lmr/m/n on input line 22.
LaTeX Font Info:    Overwriting symbol font `letters' in version `normal'
(Font)                  OML/cmm/m/it --> OML/lmm/m/it on input line 23.
LaTeX Font Info:    Overwriting symbol font `symbols' in version `normal'
(Font)                  OMS/cmsy/m/n --> OMS/lmsy/m/n on input line 24.
LaTeX Font Info:    Overwriting symbol font `largesymbols' in version `normal'
(Font)                  OMX/cmex/m/n --> OMX/lmex/m/n on input line 25.
LaTeX Font Info:    Overwriting symbol font `operators' in version `bold'
(Font)                  OT1/cmr/bx/n --> OT1/lmr/bx/n on input line 26.
LaTeX Font Info:    Overwriting symbol font `letters' in version `bold'
(Font)                  OML/cmm/b/it --> OML/lmm/b/it on input line 27.
LaTeX Font Info:    Overwriting symbol font `symbols' in version `bold'
(Font)                  OMS/cmsy/b/n --> OMS/lmsy/b/n on input line 28.
LaTeX Font Info:    Overwriting symbol font `largesymbols' in version `bold'
(Font)                  OMX/cmex/m/n --> OMX/lmex/m/n on input line 29.
LaTeX Font Info:    Overwriting math alphabet `\mathbf' in version `normal'
(Font)                  OT1/cmr/bx/n --> OT1/lmr/bx/n on input line 31.
LaTeX Font Info:    Overwriting math alphabet `\mathsf' in version `normal'
(Font)                  OT1/cmss/m/n --> OT1/lmss/m/n on input line 32.
LaTeX Font Info:    Overwriting math alphabet `\mathit' in version `normal'
(Font)                  OT1/cmr/m/it --> OT1/lmr/m/it on input line 33.
LaTeX Font Info:    Overwriting math alphabet `\mathtt' in version `normal'
(Font)                  OT1/cmtt/m/n --> OT1/lmtt/m/n on input line 34.
LaTeX Font Info:    Overwriting math alphabet `\mathbf' in version `bold'
(Font)                  OT1/cmr/bx/n --> OT1/lmr/bx/n on input line 35.
LaTeX Font Info:    Overwriting math alphabet `\mathsf' in version `bold'
(Font)                  OT1/cmss/bx/n --> OT1/lmss/bx/n on input line 36.
LaTeX Font Info:    Overwriting math alphabet `\mathit' in version `bold'
(Font)                  OT1/cmr/bx/it --> OT1/lmr/bx/it on input line 37.
LaTeX Font Info:    Overwriting math alphabet `\mathtt' in version `bold'
(Font)                  OT1/cmtt/m/n --> OT1/lmtt/m/n on input line 38.
) (/Users/jdoughe2/Library/TinyTeX/texmf-dist/tex/latex/amsfonts/amssymb.sty
Package: amssymb 2013/01/14 v3.01 AMS font symbols
(/Users/jdoughe2/Library/TinyTeX/texmf-dist/tex/latex/amsfonts/amsfonts.sty
Package: amsfonts 2013/01/14 v3.01 Basic AMSFonts support
\@emptytoks=\toks15
\symAMSa=\mathgroup4
\symAMSb=\mathgroup5
LaTeX Font Info:    Redeclaring math symbol \hbar on input line 98.
LaTeX Font Info:    Overwriting math alphabet `\mathfrak' in version `bold'
(Font)                  U/euf/m/n --> U/euf/b/n on input line 106.
)) (/Users/jdoughe2/Library/TinyTeX/texmf-dist/tex/latex/amsmath/amsmath.sty
Package: amsmath 2020/01/20 v2.17e AMS math features
\@mathmargin=\skip49
For additional information on amsmath, use the `?' option.
(/Users/jdoughe2/Library/TinyTeX/texmf-dist/tex/latex/amsmath/amstext.sty
Package: amstext 2000/06/29 v2.01 AMS text
(/Users/jdoughe2/Library/TinyTeX/texmf-dist/tex/latex/amsmath/amsgen.sty
File: amsgen.sty 1999/11/30 v2.0 generic functions
\@emptytoks=\toks16
\ex@=\dimen135
)) (/Users/jdoughe2/Library/TinyTeX/texmf-dist/tex/latex/amsmath/amsbsy.sty
Package: amsbsy 1999/11/29 v1.2d Bold Symbols
\pmbraise@=\dimen136
) (/Users/jdoughe2/Library/TinyTeX/texmf-dist/tex/latex/amsmath/amsopn.sty
Package: amsopn 2016/03/08 v2.02 operator names
)
\inf@bad=\count176
LaTeX Info: Redefining \frac on input line 227.
\uproot@=\count177
\leftroot@=\count178
LaTeX Info: Redefining \overline on input line 389.
\classnum@=\count179
\DOTSCASE@=\count180
LaTeX Info: Redefining \ldots on input line 486.
LaTeX Info: Redefining \dots on input line 489.
LaTeX Info: Redefining \cdots on input line 610.
\Mathstrutbox@=\box45
\strutbox@=\box46
\big@size=\dimen137
LaTeX Font Info:    Redeclaring font encoding OML on input line 733.
LaTeX Font Info:    Redeclaring font encoding OMS on input line 734.
\macc@depth=\count181
\c@MaxMatrixCols=\count182
\dotsspace@=\muskip16
\c@parentequation=\count183
\dspbrk@lvl=\count184
\tag@help=\toks17
\row@=\count185
\column@=\count186
\maxfields@=\count187
\andhelp@=\toks18
\eqnshift@=\dimen138
\alignsep@=\dimen139
\tagshift@=\dimen140
\tagwidth@=\dimen141
\totwidth@=\dimen142
\lineht@=\dimen143
\@envbody=\toks19
\multlinegap=\skip50
\multlinetaggap=\skip51
\mathdisplay@stack=\toks20
LaTeX Info: Redefining \[ on input line 2859.
LaTeX Info: Redefining \] on input line 2860.
) (/Users/jdoughe2/Library/TinyTeX/texmf-dist/tex/generic/iftex/ifxetex.sty
Package: ifxetex 2019/10/25 v0.7 ifxetex legacy package. Use iftex instead.
(/Users/jdoughe2/Library/TinyTeX/texmf-dist/tex/generic/iftex/iftex.sty
Package: iftex 2019/11/07 v1.0c TeX engine tests
)) (/Users/jdoughe2/Library/TinyTeX/texmf-dist/tex/generic/iftex/ifluatex.sty
Package: ifluatex 2019/10/25 v1.5 ifluatex legacy package. Use iftex instead.
) (/Users/jdoughe2/Library/TinyTeX/texmf-dist/tex/latex/base/fontenc.sty
Package: fontenc 2020/02/11 v2.0o Standard LaTeX package
LaTeX Font Info:    Trying to load font information for T1+lmr on input line 11
2.
(/Users/jdoughe2/Library/TinyTeX/texmf-dist/tex/latex/lm/t1lmr.fd
File: t1lmr.fd 2009/10/30 v1.6 Font defs for Latin Modern
)) (/Users/jdoughe2/Library/TinyTeX/texmf-dist/tex/latex/base/inputenc.sty
Package: inputenc 2018/08/11 v1.3c Input encoding file
\inpenc@prehook=\toks21
\inpenc@posthook=\toks22
) (/Users/jdoughe2/Library/TinyTeX/texmf-dist/tex/latex/base/textcomp.sty
Package: textcomp 2020/02/02 v2.0n Standard LaTeX package
) (/Users/jdoughe2/Library/TinyTeX/texmf-dist/tex/latex/upquote/upquote.sty
Package: upquote 2012/04/19 v1.3 upright-quote and grave-accent glyphs in verba
tim
) (/Users/jdoughe2/Library/TinyTeX/texmf-dist/tex/latex/xcolor/xcolor.sty
Package: xcolor 2016/05/11 v2.12 LaTeX color extensions (UK)
(/Users/jdoughe2/Library/TinyTeX/texmf-dist/tex/latex/graphics-cfg/color.cfg
File: color.cfg 2016/01/02 v1.6 sample color configuration
)
Package xcolor Info: Driver file: pdftex.def on input line 225.
(/Users/jdoughe2/Library/TinyTeX/texmf-dist/tex/latex/graphics-def/pdftex.def
File: pdftex.def 2018/01/08 v1.0l Graphics/color driver for pdftex
)
Package xcolor Info: Model `cmy' substituted by `cmy0' on input line 1348.
Package xcolor Info: Model `hsb' substituted by `rgb' on input line 1352.
Package xcolor Info: Model `RGB' extended on input line 1364.
Package xcolor Info: Model `HTML' substituted by `rgb' on input line 1366.
Package xcolor Info: Model `Hsb' substituted by `hsb' on input line 1367.
Package xcolor Info: Model `tHsb' substituted by `hsb' on input line 1368.
Package xcolor Info: Model `HSB' substituted by `hsb' on input line 1369.
Package xcolor Info: Model `Gray' substituted by `gray' on input line 1370.
Package xcolor Info: Model `wave' substituted by `hsb' on input line 1371.
) (/Users/jdoughe2/Library/TinyTeX/texmf-dist/tex/latex/hyperref/hyperref.sty
Package: hyperref 2020/01/14 v7.00d Hypertext links for LaTeX
(/Users/jdoughe2/Library/TinyTeX/texmf-dist/tex/generic/ltxcmds/ltxcmds.sty
Package: ltxcmds 2019/12/15 v1.24 LaTeX kernel commands for general use (HO)
)
(/Users/jdoughe2/Library/TinyTeX/texmf-dist/tex/latex/pdftexcmds/pdftexcmds.sty
Package: pdftexcmds 2019/11/24 v0.31 Utility functions of pdfTeX for LuaTeX (HO
)

(/Users/jdoughe2/Library/TinyTeX/texmf-dist/tex/generic/infwarerr/infwarerr.sty
Package: infwarerr 2019/12/03 v1.5 Providing info/warning/error messages (HO)
)
Package pdftexcmds Info: \pdf@primitive is available.
Package pdftexcmds Info: \pdf@ifprimitive is available.
Package pdftexcmds Info: \pdfdraftmode found.
) (/Users/jdoughe2/Library/TinyTeX/texmf-dist/tex/latex/graphics/keyval.sty
Package: keyval 2014/10/28 v1.15 key=value parser (DPC)
\KV@toks@=\toks23
)
(/Users/jdoughe2/Library/TinyTeX/texmf-dist/tex/generic/kvsetkeys/kvsetkeys.sty
Package: kvsetkeys 2019/12/15 v1.18 Key value parser (HO)
)
(/Users/jdoughe2/Library/TinyTeX/texmf-dist/tex/generic/kvdefinekeys/kvdefineke
ys.sty
Package: kvdefinekeys 2019-12-19 v1.6 Define keys (HO)
)
(/Users/jdoughe2/Library/TinyTeX/texmf-dist/tex/generic/pdfescape/pdfescape.sty
Package: pdfescape 2019/12/09 v1.15 Implements pdfTeX's escape features (HO)
) (/Users/jdoughe2/Library/TinyTeX/texmf-dist/tex/latex/hycolor/hycolor.sty
Package: hycolor 2020-01-27 v1.10 Color options for hyperref/bookmark (HO)
)
(/Users/jdoughe2/Library/TinyTeX/texmf-dist/tex/latex/letltxmacro/letltxmacro.s
ty
Package: letltxmacro 2019/12/03 v1.6 Let assignment for LaTeX macros (HO)
) (/Users/jdoughe2/Library/TinyTeX/texmf-dist/tex/latex/auxhook/auxhook.sty
Package: auxhook 2019-12-17 v1.6 Hooks for auxiliary files (HO)
) (/Users/jdoughe2/Library/TinyTeX/texmf-dist/tex/latex/kvoptions/kvoptions.sty
Package: kvoptions 2019/11/29 v3.13 Key value format for package options (HO)
)
\@linkdim=\dimen144
\Hy@linkcounter=\count188
\Hy@pagecounter=\count189
(/Users/jdoughe2/Library/TinyTeX/texmf-dist/tex/latex/hyperref/pd1enc.def
File: pd1enc.def 2020/01/14 v7.00d Hyperref: PDFDocEncoding definition (HO)
Now handling font encoding PD1 ...
... no UTF-8 mapping file for font encoding PD1
) (/Users/jdoughe2/Library/TinyTeX/texmf-dist/tex/generic/intcalc/intcalc.sty
Package: intcalc 2019/12/15 v1.3 Expandable calculations with integers (HO)
) (/Users/jdoughe2/Library/TinyTeX/texmf-dist/tex/generic/etexcmds/etexcmds.sty
Package: etexcmds 2019/12/15 v1.7 Avoid name clashes with e-TeX commands (HO)
)
\Hy@SavedSpaceFactor=\count190
\pdfmajorversion=\count191
Package hyperref Info: Option `unicode' set `true' on input line 4421.
(/Users/jdoughe2/Library/TinyTeX/texmf-dist/tex/latex/hyperref/puenc.def
File: puenc.def 2020/01/14 v7.00d Hyperref: PDF Unicode definition (HO)
Now handling font encoding PU ...
... no UTF-8 mapping file for font encoding PU
)
Package hyperref Info: Hyper figures OFF on input line 4547.
Package hyperref Info: Link nesting OFF on input line 4552.
Package hyperref Info: Hyper index ON on input line 4555.
Package hyperref Info: Plain pages OFF on input line 4562.
Package hyperref Info: Backreferencing OFF on input line 4567.
Package hyperref Info: Implicit mode ON; LaTeX internals redefined.
Package hyperref Info: Bookmarks ON on input line 4800.
\c@Hy@tempcnt=\count192
(/Users/jdoughe2/Library/TinyTeX/texmf-dist/tex/latex/url/url.sty
\Urlmuskip=\muskip17
Package: url 2013/09/16  ver 3.4  Verb mode for urls, etc.
)
LaTeX Info: Redefining \url on input line 5159.
\XeTeXLinkMargin=\dimen145
(/Users/jdoughe2/Library/TinyTeX/texmf-dist/tex/generic/bitset/bitset.sty
Package: bitset 2019/12/09 v1.3 Handle bit-vector datatype (HO)

(/Users/jdoughe2/Library/TinyTeX/texmf-dist/tex/generic/bigintcalc/bigintcalc.s
ty
Package: bigintcalc 2019/12/15 v1.5 Expandable calculations on big integers (HO
)
))
\Fld@menulength=\count193
\Field@Width=\dimen146
\Fld@charsize=\dimen147
Package hyperref Info: Hyper figures OFF on input line 6430.
Package hyperref Info: Link nesting OFF on input line 6435.
Package hyperref Info: Hyper index ON on input line 6438.
Package hyperref Info: backreferencing OFF on input line 6445.
Package hyperref Info: Link coloring OFF on input line 6450.
Package hyperref Info: Link coloring with OCG OFF on input line 6455.
Package hyperref Info: PDF/A mode OFF on input line 6460.
LaTeX Info: Redefining \ref on input line 6500.
LaTeX Info: Redefining \pageref on input line 6504.
(/Users/jdoughe2/Library/TinyTeX/texmf-dist/tex/generic/atbegshi/atbegshi.sty
Package: atbegshi 2019/12/05 v1.19 At begin shipout hook (HO)
)
\Hy@abspage=\count194
\c@Item=\count195
\c@Hfootnote=\count196
)
Package hyperref Info: Driver (autodetected): hpdftex.
(/Users/jdoughe2/Library/TinyTeX/texmf-dist/tex/latex/hyperref/hpdftex.def
File: hpdftex.def 2020/01/14 v7.00d Hyperref driver for pdfTeX
(/Users/jdoughe2/Library/TinyTeX/texmf-dist/tex/latex/atveryend/atveryend.sty
Package: atveryend 2019-12-11 v1.11 Hooks at the very end of document (HO)
Package atveryend Info: \enddocument detected (standard20110627).
)
\Fld@listcount=\count197
\c@bookmark@seq@number=\count198

(/Users/jdoughe2/Library/TinyTeX/texmf-dist/tex/latex/rerunfilecheck/rerunfilec
heck.sty
Package: rerunfilecheck 2019/12/05 v1.9 Rerun checks for auxiliary files (HO)

(/Users/jdoughe2/Library/TinyTeX/texmf-dist/tex/generic/uniquecounter/uniquecou
nter.sty
Package: uniquecounter 2019/12/15 v1.4 Provide unlimited unique counter (HO)
)
Package uniquecounter Info: New unique counter `rerunfilecheck' on input line 2
86.
)
\Hy@SectionHShift=\skip52
) (/Users/jdoughe2/Library/TinyTeX/texmf-dist/tex/latex/fancyvrb/fancyvrb.sty
Package: fancyvrb 2020/01/13 v3.5 verbatim text (tvz,hv)
\FV@CodeLineNo=\count199
\FV@InFile=\read2
\FV@TabBox=\box47
\c@FancyVerbLine=\count266
\FV@StepNumber=\count267
\FV@OutFile=\write3
) (/Users/jdoughe2/Library/TinyTeX/texmf-dist/tex/latex/framed/framed.sty
Package: framed 2011/10/22 v 0.96: framed or shaded text with page breaks
\OuterFrameSep=\skip53
\fb@frw=\dimen148
\fb@frh=\dimen149
\FrameRule=\dimen150
\FrameSep=\dimen151
) (/Users/jdoughe2/Library/TinyTeX/texmf-dist/tex/latex/tools/longtable.sty
Package: longtable 2020/01/07 v4.13 Multi-page Table package (DPC)
\LTleft=\skip54
\LTright=\skip55
\LTpre=\skip56
\LTpost=\skip57
\LTchunksize=\count268
\LTcapwidth=\dimen152
\LT@head=\box48
\LT@firsthead=\box49
\LT@foot=\box50
\LT@lastfoot=\box51
\LT@cols=\count269
\LT@rows=\count270
\c@LT@tables=\count271
\c@LT@chunks=\count272
\LT@p@ftn=\toks24
) (/Users/jdoughe2/Library/TinyTeX/texmf-dist/tex/latex/booktabs/booktabs.sty
Package: booktabs 2020/01/12 v1.61803398 Publication quality tables
\heavyrulewidth=\dimen153
\lightrulewidth=\dimen154
\cmidrulewidth=\dimen155
\belowrulesep=\dimen156
\belowbottomsep=\dimen157
\aboverulesep=\dimen158
\abovetopsep=\dimen159
\cmidrulesep=\dimen160
\cmidrulekern=\dimen161
\defaultaddspace=\dimen162
\@cmidla=\count273
\@cmidlb=\count274
\@aboverulesep=\dimen163
\@belowrulesep=\dimen164
\@thisruleclass=\count275
\@lastruleclass=\count276
\@thisrulewidth=\dimen165
) (/Users/jdoughe2/Library/TinyTeX/texmf-dist/tex/latex/etoolbox/etoolbox.sty
Package: etoolbox 2019/09/21 v2.5h e-TeX tools for LaTeX (JAW)
\etb@tempcnta=\count277
) (/Users/jdoughe2/Library/TinyTeX/texmf-dist/tex/latex/mdwtools/footnote.sty
Package: footnote 1997/01/28 1.13 Save footnotes around boxes
\fn@notes=\box52
\fn@width=\dimen166
) (/Users/jdoughe2/Library/TinyTeX/texmf-dist/tex/latex/graphics/graphicx.sty
Package: graphicx 2019/11/30 v1.2a Enhanced LaTeX Graphics (DPC,SPQR)
(/Users/jdoughe2/Library/TinyTeX/texmf-dist/tex/latex/graphics/graphics.sty
Package: graphics 2019/11/30 v1.4a Standard LaTeX Graphics (DPC,SPQR)
(/Users/jdoughe2/Library/TinyTeX/texmf-dist/tex/latex/graphics/trig.sty
Package: trig 2016/01/03 v1.10 sin cos tan (DPC)
)
(/Users/jdoughe2/Library/TinyTeX/texmf-dist/tex/latex/graphics-cfg/graphics.cfg
File: graphics.cfg 2016/06/04 v1.11 sample graphics configuration
)
Package graphics Info: Driver file: pdftex.def on input line 105.
)
\Gin@req@height=\dimen167
\Gin@req@width=\dimen168
) (/Users/jdoughe2/Library/TinyTeX/texmf-dist/tex/generic/babel/babel.sty
Package: babel 2020/02/28 3.41 The Babel package
(/Users/jdoughe2/Library/TinyTeX/texmf-dist/tex/generic/babel/switch.def
File: switch.def 2020/02/28 3.41 Babel switching mechanism
)
(/Users/jdoughe2/Library/TinyTeX/texmf-dist/tex/generic/babel-english/english.l
df
Language: english 2017/06/06 v3.3r English support from the babel system
(/Users/jdoughe2/Library/TinyTeX/texmf-dist/tex/generic/babel/babel.def
File: babel.def 2020/02/28 3.41 Babel common definitions
\babel@savecnt=\count278
\U@D=\dimen169
(/Users/jdoughe2/Library/TinyTeX/texmf-dist/tex/generic/babel/txtbabel.def)
\bbl@readstream=\read3
\bbl@dirlevel=\count279
)
Package babel Info: \l@british = using hyphenrules for english
(babel)             (\language0) on input line 82.
Package babel Info: \l@UKenglish = using hyphenrules for english
(babel)             (\language0) on input line 83.
Package babel Info: \l@canadian = using hyphenrules for english
(babel)             (\language0) on input line 102.
Package babel Info: \l@australian = using hyphenrules for english
(babel)             (\language0) on input line 105.
Package babel Info: \l@newzealand = using hyphenrules for english
(babel)             (\language0) on input line 108.
)
(/Users/jdoughe2/Library/TinyTeX/texmf-dist/tex/generic/babel-english/english.l
df
Language: english 2017/06/06 v3.3r English support from the babel system
))
(/Users/jdoughe2/Library/TinyTeX/texmf-dist/tex/latex/l3backend/l3backend-pdfmo
de.def
File: l3backend-pdfmode.def 2020-02-23 L3 backend support: PDF mode
\l__kernel_color_stack_int=\count280
\l__pdf_internal_box=\box53
)
No file Dougherty-Ilyankou-Data-Visualization-for-All.aux.
\openout1 = `Dougherty-Ilyankou-Data-Visualization-for-All.aux'.

LaTeX Font Info:    Checking defaults for OML/cmm/m/it on input line 124.
LaTeX Font Info:    ... okay on input line 124.
LaTeX Font Info:    Checking defaults for OMS/cmsy/m/n on input line 124.
LaTeX Font Info:    ... okay on input line 124.
LaTeX Font Info:    Checking defaults for OT1/cmr/m/n on input line 124.
LaTeX Font Info:    ... okay on input line 124.
LaTeX Font Info:    Checking defaults for T1/cmr/m/n on input line 124.
LaTeX Font Info:    ... okay on input line 124.
LaTeX Font Info:    Checking defaults for TS1/cmr/m/n on input line 124.
LaTeX Font Info:    ... okay on input line 124.
LaTeX Font Info:    Checking defaults for OMX/cmex/m/n on input line 124.
LaTeX Font Info:    ... okay on input line 124.
LaTeX Font Info:    Checking defaults for U/cmr/m/n on input line 124.
LaTeX Font Info:    ... okay on input line 124.
LaTeX Font Info:    Checking defaults for PD1/pdf/m/n on input line 124.
LaTeX Font Info:    ... okay on input line 124.
LaTeX Font Info:    Checking defaults for PU/pdf/m/n on input line 124.
LaTeX Font Info:    ... okay on input line 124.

(/Users/jdoughe2/Library/TinyTeX/texmf-dist/tex/latex/epstopdf-pkg/epstopdf-bas
e.sty
Package: epstopdf-base 2020-01-24 v2.11 Base part for package epstopdf
(/Users/jdoughe2/Library/TinyTeX/texmf-dist/tex/latex/grfext/grfext.sty
Package: grfext 2019/12/03 v1.3 Manage graphics extensions (HO)
)
Package epstopdf-base Info: Redefining graphics rule for `.eps' on input line 4
85.
Package grfext Info: Graphics extension search list:
(grfext)             [.pdf,.png,.jpg,.mps,.jpeg,.jbig2,.jb2,.PDF,.PNG,.JPG,.JPE
G,.JBIG2,.JB2,.eps]
(grfext)             \AppendGraphicsExtensions on input line 504.

(/Users/jdoughe2/Library/TinyTeX/texmf-dist/tex/latex/latexconfig/epstopdf-sys.
cfg
File: epstopdf-sys.cfg 2010/07/13 v1.3 Configuration of (r)epstopdf for TeX Liv
e
))
\AtBeginShipoutBox=\box54
Package hyperref Info: Link coloring OFF on input line 124.
(/Users/jdoughe2/Library/TinyTeX/texmf-dist/tex/latex/hyperref/nameref.sty
Package: nameref 2019/09/16 v2.46 Cross-referencing by name of section
(/Users/jdoughe2/Library/TinyTeX/texmf-dist/tex/latex/refcount/refcount.sty
Package: refcount 2019/12/15 v3.6 Data extraction from label references (HO)
)
(/Users/jdoughe2/Library/TinyTeX/texmf-dist/tex/generic/gettitlestring/gettitle
string.sty
Package: gettitlestring 2019/12/15 v1.6 Cleanup title references (HO)
)
\c@section@level=\count281
)
LaTeX Info: Redefining \ref on input line 124.
LaTeX Info: Redefining \pageref on input line 124.
LaTeX Info: Redefining \nameref on input line 124.
\@outlinefile=\write4
\openout4 = `Dougherty-Ilyankou-Data-Visualization-for-All.out'.

LaTeX Font Info:    Trying to load font information for OT1+lmr on input line 1
26.
(/Users/jdoughe2/Library/TinyTeX/texmf-dist/tex/latex/lm/ot1lmr.fd
File: ot1lmr.fd 2009/10/30 v1.6 Font defs for Latin Modern
)
LaTeX Font Info:    Trying to load font information for OML+lmm on input line 1
26.
(/Users/jdoughe2/Library/TinyTeX/texmf-dist/tex/latex/lm/omllmm.fd
File: omllmm.fd 2009/10/30 v1.6 Font defs for Latin Modern
)
LaTeX Font Info:    Trying to load font information for OMS+lmsy on input line 
126.
(/Users/jdoughe2/Library/TinyTeX/texmf-dist/tex/latex/lm/omslmsy.fd
File: omslmsy.fd 2009/10/30 v1.6 Font defs for Latin Modern
)
LaTeX Font Info:    Trying to load font information for OMX+lmex on input line 
126.
(/Users/jdoughe2/Library/TinyTeX/texmf-dist/tex/latex/lm/omxlmex.fd
File: omxlmex.fd 2009/10/30 v1.6 Font defs for Latin Modern
)
LaTeX Font Info:    External font `lmex10' loaded for size
(Font)              <12> on input line 126.
LaTeX Font Info:    External font `lmex10' loaded for size
(Font)              <8> on input line 126.
LaTeX Font Info:    External font `lmex10' loaded for size
(Font)              <6> on input line 126.
LaTeX Font Info:    Trying to load font information for U+msa on input line 126
.
(/Users/jdoughe2/Library/TinyTeX/texmf-dist/tex/latex/amsfonts/umsa.fd
File: umsa.fd 2013/01/14 v3.01 AMS symbols A
)
LaTeX Font Info:    Trying to load font information for U+msb on input line 126
.
(/Users/jdoughe2/Library/TinyTeX/texmf-dist/tex/latex/amsfonts/umsb.fd
File: umsb.fd 2013/01/14 v3.01 AMS symbols B
) [1


{/Users/jdoughe2/Library/TinyTeX/texmf-var/fonts/map/pdftex/updmap/pdftex.map}]
[2

]
\tf@toc=\write5
\openout5 = `Dougherty-Ilyankou-Data-Visualization-for-All.toc'.

[3] [4

]
<images/0-introduction/cover-400wide.jpg, id=28, 401.5pt x 403.5075pt>
File: images/0-introduction/cover-400wide.jpg Graphic file (type jpg)
<use images/0-introduction/cover-400wide.jpg>
Package pdftex.def Info: images/0-introduction/cover-400wide.jpg  used on input
 line 135.
(pdftex.def)             Requested size: 345.02596pt x 346.75108pt.

Underfull \vbox (badness 10000) has occurred while \output is active []

[5 <./images/0-introduction/cover-400wide.jpg>]
LaTeX Font Info:    External font `lmex10' loaded for size
(Font)              <10> on input line 149.
LaTeX Font Info:    External font `lmex10' loaded for size
(Font)              <7> on input line 149.
LaTeX Font Info:    External font `lmex10' loaded for size
(Font)              <5> on input line 149.
<images/0-introduction/examples-Minard-Snow.png, id=42, 803.0pt x 260.975pt>
File: images/0-introduction/examples-Minard-Snow.png Graphic file (type png)
<use images/0-introduction/examples-Minard-Snow.png>
Package pdftex.def Info: images/0-introduction/examples-Minard-Snow.png  used o
n input line 165.
(pdftex.def)             Requested size: 345.00146pt x 112.12547pt.
[6 <./images/0-introduction/examples-Minard-Snow.png>]
LaTeX Font Info:    Trying to load font information for TS1+lmr on input line 1
88.
(/Users/jdoughe2/Library/TinyTeX/texmf-dist/tex/latex/lm/ts1lmr.fd
File: ts1lmr.fd 2009/10/30 v1.6 Font defs for Latin Modern
) [7] [8]
<images/0-introduction/DoughertyJack-96.jpg, id=94, 96.36pt x 96.36pt>
File: images/0-introduction/DoughertyJack-96.jpg Graphic file (type jpg)
<use images/0-introduction/DoughertyJack-96.jpg>
Package pdftex.def Info: images/0-introduction/DoughertyJack-96.jpg  used on in
put line 231.
(pdftex.def)             Requested size: 96.35974pt x 96.35974pt.
<images/0-introduction/IlyankouIlya-96.jpg, id=99, 96.36pt x 96.36pt>
File: images/0-introduction/IlyankouIlya-96.jpg Graphic file (type jpg)
<use images/0-introduction/IlyankouIlya-96.jpg>
Package pdftex.def Info: images/0-introduction/IlyankouIlya-96.jpg  used on inp
ut line 236.
(pdftex.def)             Requested size: 96.35974pt x 96.35974pt.
<images/0-introduction/ArmendarizVeronica-96.jpg, id=103, 96.36pt x 96.36pt>
File: images/0-introduction/ArmendarizVeronica-96.jpg Graphic file (type jpg)
<use images/0-introduction/ArmendarizVeronica-96.jpg>
Package pdftex.def Info: images/0-introduction/ArmendarizVeronica-96.jpg  used 
on input line 246.
(pdftex.def)             Requested size: 96.35974pt x 96.35974pt.
<images/0-introduction/LamStacy-96.jpg, id=106, 96.36pt x 96.36pt>
File: images/0-introduction/LamStacy-96.jpg Graphic file (type jpg)
<use images/0-introduction/LamStacy-96.jpg>
Package pdftex.def Info: images/0-introduction/LamStacy-96.jpg  used on input l
ine 251.
(pdftex.def)             Requested size: 96.35974pt x 96.35974pt.
<images/0-introduction/TatemDavid-96.jpg, id=108, 96.36pt x 96.36pt>
File: images/0-introduction/TatemDavid-96.jpg Graphic file (type jpg)
<use images/0-introduction/TatemDavid-96.jpg>
Package pdftex.def Info: images/0-introduction/TatemDavid-96.jpg  used on input
 line 256.
(pdftex.def)             Requested size: 96.35974pt x 96.35974pt.
[9] [10 <./images/0-introduction/DoughertyJack-96.jpg> <./images/0-introduction
/IlyankouIlya-96.jpg>] [11 <./images/0-introduction/ArmendarizVeronica-96.jpg> 
<./images/0-introduction/LamStacy-96.jpg>] [12 <./images/0-introduction/TatemDa
vid-96.jpg>]
LaTeX Font Info:    Trying to load font information for T1+lmtt on input line 3
17.
(/Users/jdoughe2/Library/TinyTeX/texmf-dist/tex/latex/lm/t1lmtt.fd
File: t1lmtt.fd 2009/10/30 v1.6 Font defs for Latin Modern
)
<images/0-introduction/how-to-read.png, id=147, 863.225pt x 178.6675pt>
File: images/0-introduction/how-to-read.png Graphic file (type png)
<use images/0-introduction/how-to-read.png>
Package pdftex.def Info: images/0-introduction/how-to-read.png  used on input l
ine 324.
(pdftex.def)             Requested size: 344.99411pt x 71.40575pt.

Underfull \hbox (badness 10000) in paragraph at lines 324--326
[][]
 []

<images/0-introduction/contextual-menu.png, id=148, 185.69376pt x 63.73813pt>
File: images/0-introduction/contextual-menu.png Graphic file (type png)
<use images/0-introduction/contextual-menu.png>
Package pdftex.def Info: images/0-introduction/contextual-menu.png  used on inp
ut line 339.
(pdftex.def)             Requested size: 185.69896pt x 63.7399pt.
[13 <./images/0-introduction/how-to-read.png>]
<images/0-introduction/laptop-and-monitor-and-tablet.jpg, id=160, 602.25pt x 19
4.7275pt>
File: images/0-introduction/laptop-and-monitor-and-tablet.jpg Graphic file (typ
e jpg)
<use images/0-introduction/laptop-and-monitor-and-tablet.jpg>
Package pdftex.def Info: images/0-introduction/laptop-and-monitor-and-tablet.jp
g  used on input line 351.
(pdftex.def)             Requested size: 345.0137pt x 111.55441pt.
[14 <./images/0-introduction/contextual-menu.png> <./images/0-introduction/lapt
op-and-monitor-and-tablet.jpg>]
Chapter 1.
[15

] [16]
<images/01-choose/tool-sweet-spot.png, id=192, 488.82625pt x 268.00125pt>
File: images/01-choose/tool-sweet-spot.png Graphic file (type png)
<use images/01-choose/tool-sweet-spot.png>
Package pdftex.def Info: images/01-choose/tool-sweet-spot.png  used on input li
ne 436.
(pdftex.def)             Requested size: 345.00294pt x 189.14944pt.
[17 <./images/01-choose/tool-sweet-spot.png>] [18]
<images/01-choose/sample-address-screenshot.png, id=214, 389.95688pt x 109.9106
3pt>
File: images/01-choose/sample-address-screenshot.png Graphic file (type png)
<use images/01-choose/sample-address-screenshot.png>
Package pdftex.def Info: images/01-choose/sample-address-screenshot.png  used o
n input line 501.
(pdftex.def)             Requested size: 345.01363pt x 97.24321pt.

Package longtable Warning: Column widths have changed
(longtable)                in table 1.1 on input line 517.

[19 <./images/01-choose/sample-address-screenshot.png>] [20]
Chapter 2.
[21

]
<images/02-spreadsheet/google-drive-settings-convert-uploads.png, id=256, 1004.
75375pt x 454.69875pt>
File: images/02-spreadsheet/google-drive-settings-convert-uploads.png Graphic f
ile (type png)
<use images/02-spreadsheet/google-drive-settings-convert-uploads.png>
Package pdftex.def Info: images/02-spreadsheet/google-drive-settings-convert-up
loads.png  used on input line 653.
(pdftex.def)             Requested size: 344.99997pt x 156.12885pt.
[22]
<images/02-spreadsheet/google-drive-upload-methods.png, id=267, 832.10875pt x 3
78.41376pt>
File: images/02-spreadsheet/google-drive-upload-methods.png Graphic file (type 
png)
<use images/02-spreadsheet/google-drive-upload-methods.png>
Package pdftex.def Info: images/02-spreadsheet/google-drive-upload-methods.png 
 used on input line 667.
(pdftex.def)             Requested size: 345.00127pt x 156.89442pt.
<images/02-spreadsheet/google-drive-sheets-icon-rename.png, id=268, 456.70625pt
 x 271.0125pt>
File: images/02-spreadsheet/google-drive-sheets-icon-rename.png Graphic file (t
ype png)
<use images/02-spreadsheet/google-drive-sheets-icon-rename.png>
Package pdftex.def Info: images/02-spreadsheet/google-drive-sheets-icon-rename.
png  used on input line 681.
(pdftex.def)             Requested size: 345.00972pt x 204.73103pt.
[23 <./images/02-spreadsheet/google-drive-settings-convert-uploads.png> <./imag
es/02-spreadsheet/google-drive-upload-methods.png>]
<images/02-spreadsheet/google-drive-spreadsheet-icons.png, id=278, 227.34938pt 
x 158.5925pt>
File: images/02-spreadsheet/google-drive-spreadsheet-icons.png Graphic file (ty
pe png)
<use images/02-spreadsheet/google-drive-spreadsheet-icons.png>
Package pdftex.def Info: images/02-spreadsheet/google-drive-spreadsheet-icons.p
ng  used on input line 695.
(pdftex.def)             Requested size: 227.35228pt x 158.5945pt.
<images/02-spreadsheet/google-sheets-copy1.png, id=279, 822.07124pt x 191.71625
pt>
File: images/02-spreadsheet/google-sheets-copy1.png Graphic file (type png)
<use images/02-spreadsheet/google-sheets-copy1.png>
Package pdftex.def Info: images/02-spreadsheet/google-sheets-copy1.png  used on
 input line 710.
(pdftex.def)             Requested size: 344.99161pt x 80.4559pt.
[24 <./images/02-spreadsheet/google-drive-sheets-icon-rename.png>] [25 <./image
s/02-spreadsheet/google-drive-spreadsheet-icons.png> <./images/02-spreadsheet/g
oogle-sheets-copy1.png>]
<images/02-spreadsheet/google-sheets-copy2.png, id=300, 822.07124pt x 506.89375
pt>
File: images/02-spreadsheet/google-sheets-copy2.png Graphic file (type png)
<use images/02-spreadsheet/google-sheets-copy2.png>
Package pdftex.def Info: images/02-spreadsheet/google-sheets-copy2.png  used on
 input line 730.
(pdftex.def)             Requested size: 344.99161pt x 212.72375pt.
[26 <./images/02-spreadsheet/google-sheets-copy2.png>]
Underfull \hbox (badness 10000) in paragraph at lines 806--807
\T1/lmr/m/n/10 (2015), []$http : / / epress . trincoll . edu / webwriting / cha
pter / how -[] to -[] google -[]
 []

[27]
<images/02-spreadsheet/google-sheets-download-ods-csv.png, id=336, 346.29375pt 
x 295.1025pt>
File: images/02-spreadsheet/google-sheets-download-ods-csv.png Graphic file (ty
pe png)
<use images/02-spreadsheet/google-sheets-download-ods-csv.png>
Package pdftex.def Info: images/02-spreadsheet/google-sheets-download-ods-csv.p
ng  used on input line 848.
(pdftex.def)             Requested size: 345.00887pt x 294.00755pt.
<images/02-spreadsheet/excel-save-as-ods.png, id=337, 369.38pt x 264.99pt>
File: images/02-spreadsheet/excel-save-as-ods.png Graphic file (type png)
<use images/02-spreadsheet/excel-save-as-ods.png>
Package pdftex.def Info: images/02-spreadsheet/excel-save-as-ods.png  used on i
nput line 860.
(pdftex.def)             Requested size: 345.00218pt x 247.50157pt.
[28 <./images/02-spreadsheet/google-sheets-download-ods-csv.png>]
<images/02-spreadsheet/excel-save-as-csv.png, id=349, 378.41376pt x 272.01625pt
>
File: images/02-spreadsheet/excel-save-as-csv.png Graphic file (type png)
<use images/02-spreadsheet/excel-save-as-csv.png>
Package pdftex.def Info: images/02-spreadsheet/excel-save-as-csv.png  used on i
nput line 893.
(pdftex.def)             Requested size: 345.00375pt x 248.00003pt.
<images/02-spreadsheet/excel-save-as-csv-continue.png, id=350, 457.71pt x 253.9
4875pt>
File: images/02-spreadsheet/excel-save-as-csv-continue.png Graphic file (type p
ng)
<use images/02-spreadsheet/excel-save-as-csv-continue.png>
Package pdftex.def Info: images/02-spreadsheet/excel-save-as-csv-continue.png  
used on input line 907.
(pdftex.def)             Requested size: 345.01372pt x 191.42207pt.
[29 <./images/02-spreadsheet/excel-save-as-ods.png>] [30 <./images/02-spreadshe
et/excel-save-as-csv.png> <./images/02-spreadsheet/excel-save-as-csv-continue.p
ng>]
<images/02-spreadsheet/excel-quit-csv.png, id=368, 686.565pt x 311.1625pt>
File: images/02-spreadsheet/excel-quit-csv.png Graphic file (type png)
<use images/02-spreadsheet/excel-quit-csv.png>
Package pdftex.def Info: images/02-spreadsheet/excel-quit-csv.png  used on inpu
t line 921.
(pdftex.def)             Requested size: 344.99974pt x 156.35953pt.
<images/placeholder.jpg, id=369, 666.49pt x 250.9375pt>
File: images/placeholder.jpg Graphic file (type jpg)
<use images/placeholder.jpg>
Package pdftex.def Info: images/placeholder.jpg  used on input line 942.
(pdftex.def)             Requested size: 345.00047pt x 129.89474pt.

Underfull \vbox (badness 5147) has occurred while \output is active []

[31 <./images/02-spreadsheet/excel-quit-csv.png>] [32 <./images/placeholder.jpg
>]
File: images/placeholder.jpg Graphic file (type jpg)
<use images/placeholder.jpg>
Package pdftex.def Info: images/placeholder.jpg  used on input line 1002.
(pdftex.def)             Requested size: 345.00047pt x 129.89474pt.
File: images/placeholder.jpg Graphic file (type jpg)
<use images/placeholder.jpg>
Package pdftex.def Info: images/placeholder.jpg  used on input line 1010.
(pdftex.def)             Requested size: 345.00047pt x 129.89474pt.

Underfull \vbox (badness 1448) has occurred while \output is active []

[33]
File: images/placeholder.jpg Graphic file (type jpg)
<use images/placeholder.jpg>
Package pdftex.def Info: images/placeholder.jpg  used on input line 1032.
(pdftex.def)             Requested size: 345.00047pt x 129.89474pt.
<images/02-spreadsheet/spreadsheet-pivot-intro.png, id=403, 297.11pt x 222.8325
pt>
File: images/02-spreadsheet/spreadsheet-pivot-intro.png Graphic file (type png)

<use images/02-spreadsheet/spreadsheet-pivot-intro.png>
Package pdftex.def Info: images/02-spreadsheet/spreadsheet-pivot-intro.png  use
d on input line 1043.
(pdftex.def)             Requested size: 297.1138pt x 222.83534pt.
<images/02-spreadsheet/spreadsheet-google-pivot-year.png, id=404, 725.71124pt x
 480.79625pt>
File: images/02-spreadsheet/spreadsheet-google-pivot-year.png Graphic file (typ
e png)
<use images/02-spreadsheet/spreadsheet-google-pivot-year.png>
Package pdftex.def Info: images/02-spreadsheet/spreadsheet-google-pivot-year.pn
g  used on input line 1051.
(pdftex.def)             Requested size: 345.00433pt x 228.57132pt.
[34] [35 <./images/02-spreadsheet/spreadsheet-pivot-intro.png> <./images/02-spr
eadsheet/spreadsheet-google-pivot-year.png>]
<images/02-spreadsheet/spreadsheet-pivot-google-advanced.png, id=424, 930.47626
pt x 777.90625pt>
File: images/02-spreadsheet/spreadsheet-pivot-google-advanced.png Graphic file 
(type png)
<use images/02-spreadsheet/spreadsheet-pivot-google-advanced.png>
Package pdftex.def Info: images/02-spreadsheet/spreadsheet-pivot-google-advance
d.png  used on input line 1087.
(pdftex.def)             Requested size: 344.99492pt x 288.42616pt.
<images/02-spreadsheet/vlookup-problem.png, id=428, 593.21625pt x 308.15125pt>
File: images/02-spreadsheet/vlookup-problem.png Graphic file (type png)
<use images/02-spreadsheet/vlookup-problem.png>
Package pdftex.def Info: images/02-spreadsheet/vlookup-problem.png  used on inp
ut line 1114.
(pdftex.def)             Requested size: 345.00705pt x 179.21684pt.
[36] [37 <./images/02-spreadsheet/spreadsheet-pivot-google-advanced.png> <./ima
ges/02-spreadsheet/vlookup-problem.png>]
<images/02-spreadsheet/vlookup-solution.png, id=455, 232.36812pt x 162.10562pt>

File: images/02-spreadsheet/vlookup-solution.png Graphic file (type png)
<use images/02-spreadsheet/vlookup-solution.png>
Package pdftex.def Info: images/02-spreadsheet/vlookup-solution.png  used on in
put line 1122.
(pdftex.def)             Requested size: 232.37462pt x 162.11017pt.
[38 <./images/02-spreadsheet/vlookup-solution.png>] [39] [40

]
Chapter 3.
[41] [42]
Underfull \hbox (badness 1571) in paragraph at lines 1280--1281
[]\T1/lmr/m/n/10 The Amer-i-can Com-mu-nity Sur-vey (ACS) ([]$https : / / www .
 census . gov /
 []

[43] [44]
File: images/placeholder.jpg Graphic file (type jpg)
<use images/placeholder.jpg>
Package pdftex.def Info: images/placeholder.jpg  used on input line 1399.
(pdftex.def)             Requested size: 345.00047pt x 129.89474pt.
<images/03-find/SpreadsheetSourceTab.png, id=547, 451.6875pt x 179.67125pt>
File: images/03-find/SpreadsheetSourceTab.png Graphic file (type png)
<use images/03-find/SpreadsheetSourceTab.png>
Package pdftex.def Info: images/03-find/SpreadsheetSourceTab.png  used on input
 line 1403.
(pdftex.def)             Requested size: 345.02289pt x 137.24242pt.
[45 <./images/03-find/SpreadsheetSourceTab.png (PNG copy)>]
Overfull \hbox (64.49881pt too wide) in paragraph at lines 1420--1420
[] \T1/lmtt/m/n/10 - explain that data cannot be copyrighted, but representatio
ns of data can be[] 
 []


Overfull \hbox (32.9989pt too wide) in paragraph at lines 1420--1420
[] \T1/lmtt/m/n/10 - credit sources and collaborators on dataviz products and r
eadme files[] 
 []


Overfull \hbox (53.99884pt too wide) in paragraph at lines 1420--1420
[] \T1/lmtt/m/n/10 - Whose perspectives does your data privilege? Whose stories
 remain untold?[] 
 []

[46] [47]
Underfull \hbox (badness 2818) in paragraph at lines 1505--1506
\T1/lmr/m/n/10 / / trendct . org/$[]) are pub-li-ca-tions of the Con-necti-cut 
News Project, an
 []

[48]
<data/ct-outline.png, id=612, 128.48pt x 96.36pt>
File: data/ct-outline.png Graphic file (type png)
<use data/ct-outline.png>
Package pdftex.def Info: data/ct-outline.png  used on input line 1541.
(pdftex.def)             Requested size: 96.60089pt x 72.45065pt.
<data/ct-counties.png, id=615, 128.48pt x 97.36375pt>
File: data/ct-counties.png Graphic file (type png)
<use data/ct-counties.png>
Package pdftex.def Info: data/ct-counties.png  used on input line 1550.
(pdftex.def)             Requested size: 96.60089pt x 73.20535pt.

Overfull \hbox (4.83815pt too wide) in paragraph at lines 1554--1555
\T1/lmr/m/n/10 counties.geojson[]|  
 []

<data/ct-towns.png, id=618, 128.48pt x 97.36375pt>
File: data/ct-towns.png Graphic file (type png)
<use data/ct-towns.png>
Package pdftex.def Info: data/ct-towns.png  used on input line 1559.
(pdftex.def)             Requested size: 96.60089pt x 73.20535pt.
<data/ct-tracts-2010.png, id=621, 128.48pt x 94.3525pt>
File: data/ct-tracts-2010.png Graphic file (type png)
<use data/ct-tracts-2010.png>
Package pdftex.def Info: data/ct-tracts-2010.png  used on input line 1568.
(pdftex.def)             Requested size: 96.60089pt x 70.94127pt.
<data/hartfordcounty-outline.png, id=624, 128.48pt x 128.48pt>
File: data/hartfordcounty-outline.png Graphic file (type png)
<use data/hartfordcounty-outline.png>
Package pdftex.def Info: data/hartfordcounty-outline.png  used on input line 15
77.
(pdftex.def)             Requested size: 96.60089pt x 96.60089pt.

Overfull \hbox (2.83824pt too wide) in paragraph at lines 1581--1582
[][]\T1/lmr/m/n/10 hartfordcounty- 
 []

<data/hartfordcounty-towns.png, id=627, 128.48pt x 128.48pt>
File: data/hartfordcounty-towns.png Graphic file (type png)
<use data/hartfordcounty-towns.png>
Package pdftex.def Info: data/hartfordcounty-towns.png  used on input line 1586
.
(pdftex.def)             Requested size: 96.60089pt x 96.60089pt.

Overfull \hbox (2.83824pt too wide) in paragraph at lines 1590--1591
[][]\T1/lmr/m/n/10 hartfordcounty- 
 []

<data/hartfordcounty-tracts-2010.png, id=630, 128.48pt x 128.48pt>
File: data/hartfordcounty-tracts-2010.png Graphic file (type png)
<use data/hartfordcounty-tracts-2010.png>
Package pdftex.def Info: data/hartfordcounty-tracts-2010.png  used on input lin
e 1595.
(pdftex.def)             Requested size: 96.60089pt x 96.60089pt.

Overfull \hbox (2.83824pt too wide) in paragraph at lines 1599--1600
[][]\T1/lmr/m/n/10 hartfordcounty- 
 []


LaTeX Warning: File `hartford-outline.png' not found on input line 1604.


! Package pdftex.def Error: File `hartford-outline.png' not found: using draft 
setting.

See the pdftex.def package documentation for explanation.
Type  H <return>  for immediate help.
 ...                                              
                                                  
l.1604 ...e \includegraphics{hartford-outline.png}
                                                  \strut 
Here is how much of TeX's memory you used:
 12101 strings out of 482938
 178615 string characters out of 5959422
 426598 words of memory out of 5000000
 26851 multiletter control sequences out of 15000+600000
 601892 words of font info for 71 fonts, out of 8000000 for 9000
 14 hyphenation exceptions out of 8191
 34i,9n,37p,1712b,454s stack positions out of 5000i,500n,10000p,200000b,80000s

!  ==> Fatal error occurred, no output PDF file produced!
